0 info it worked if it ends with ok
1 verbose cli [ 'c:\\Program Files\\nodejs\\node.exe',
1 verbose cli   'c:\\Program Files\\nodejs\\node_modules\\npm\\bin\\npm-cli.js',
1 verbose cli   'install',
1 verbose cli   '-g',
1 verbose cli   'foreman' ]
2 info using npm@1.2.18
3 info using node@v0.10.5
4 verbose read json C:\Users\suenot\AppData\Roaming\npm\package.json
5 verbose read json C:\Users\suenot\AppData\Roaming\npm\package.json
6 verbose cache add [ 'foreman', null ]
7 verbose cache add name=undefined spec="foreman" args=["foreman",null]
8 verbose parsed url { protocol: null,
8 verbose parsed url   slashes: null,
8 verbose parsed url   auth: null,
8 verbose parsed url   host: null,
8 verbose parsed url   port: null,
8 verbose parsed url   hostname: null,
8 verbose parsed url   hash: null,
8 verbose parsed url   search: null,
8 verbose parsed url   query: null,
8 verbose parsed url   pathname: 'foreman',
8 verbose parsed url   path: 'foreman',
8 verbose parsed url   href: 'foreman' }
9 silly lockFile faf84889-foreman foreman
10 verbose lock foreman C:\Users\suenot\AppData\Roaming\npm-cache\faf84889-foreman.lock
11 silly lockFile faf84889-foreman foreman
12 silly lockFile faf84889-foreman foreman
13 verbose addNamed [ 'foreman', '' ]
14 verbose addNamed [ null, '' ]
15 silly lockFile 055239d3-foreman foreman@
16 verbose lock foreman@ C:\Users\suenot\AppData\Roaming\npm-cache\055239d3-foreman.lock
17 silly addNameRange { name: 'foreman', range: '', hasData: false }
18 verbose url raw foreman
19 verbose url resolving [ 'https://registry.npmjs.org/', './foreman' ]
20 verbose url resolved https://registry.npmjs.org/foreman
21 info trying registry request attempt 1 at 16:20:44
22 http GET https://registry.npmjs.org/foreman
23 info retry will retry, error on last attempt: Error: connect ECONNREFUSED
24 info trying registry request attempt 2 at 16:20:56
25 http GET https://registry.npmjs.org/foreman
26 info retry will retry, error on last attempt: Error: connect ECONNREFUSED
27 info trying registry request attempt 3 at 16:21:57
28 http GET https://registry.npmjs.org/foreman
29 silly lockFile 055239d3-foreman foreman@
30 silly lockFile 055239d3-foreman foreman@
31 error Error: connect ECONNREFUSED
31 error     at errnoException (net.js:884:11)
31 error     at Object.afterConnect [as oncomplete] (net.js:875:19)
31 error  { [Error: connect ECONNREFUSED]
31 error   code: 'ECONNREFUSED',
31 error   errno: 'ECONNREFUSED',
31 error   syscall: 'connect' }
32 error If you are behind a proxy, please make sure that the
32 error 'proxy' config is set properly.  See: 'npm help config'
33 error System Windows_NT 6.1.7601
34 error command "c:\\Program Files\\nodejs\\node.exe" "c:\\Program Files\\nodejs\\node_modules\\npm\\bin\\npm-cli.js" "install" "-g" "foreman"
35 error cwd C:\Users\suenot\Dropbox\sites\optimist-middleman
36 error node -v v0.10.5
37 error npm -v 1.2.18
38 error syscall connect
39 error code ECONNREFUSED
40 error errno ECONNREFUSED
41 error stack Error: connect ECONNREFUSED
41 error stack     at errnoException (net.js:884:11)
41 error stack     at Object.afterConnect [as oncomplete] (net.js:875:19)
42 verbose exit [ 1, true ]
